{
  "stats": {
    "suites": 1,
    "tests": 1,
    "passes": 1,
    "pending": 0,
    "failures": 0,
    "start": "2022-04-09T20:17:51.820Z",
    "end": "2022-04-09T20:17:58.649Z",
    "duration": 6829,
    "testsRegistered": 1,
    "passPercent": 100,
    "pendingPercent": 0,
    "other": 0,
    "hasOther": false,
    "skipped": 0,
    "hasSkipped": false
  },
  "results": [
    {
      "uuid": "26329d46-9748-4eab-b714-7005f6b975ba",
      "title": "",
      "fullFile": "cypress/integration/stats.spec.js",
      "file": "cypress/integration/stats.spec.js",
      "beforeHooks": [],
      "afterHooks": [],
      "tests": [],
      "suites": [
        {
          "uuid": "f63f973f-8c12-44d6-b65f-fbe7199702b1",
          "title": "Verify Stats",
          "fullFile": "",
          "file": "",
          "beforeHooks": [],
          "afterHooks": [],
          "tests": [
            {
              "title": "Verify Budget Stats",
              "fullTitle": "Verify Stats Verify Budget Stats",
              "timedOut": null,
              "duration": 6744,
              "state": "passed",
              "speed": "medium",
              "pass": true,
              "fail": false,
              "pending": false,
              "context": null,
              "code": "cy.contains('label', 'Budget Name').next('input').type('Budget 1');\ncy.get('button[type=button]').eq(1).click();\ncy.contains('h3', 'Budget 1').click();\ncy.contains('label', 'Entry Name').next('input').type('Entry 1');\ncy.get('select').select('Food');\ncy.contains('label', 'Amount').next('input').type('200');\ncy.get('button[type=button]').eq(3).click();\ncy.contains('a', 'Statistics').click();\ncy.visit(\"/stats\");",
              "err": {},
              "uuid": "253c88ad-9509-413e-b10e-0eb9f1019a83",
              "parentUUID": "f63f973f-8c12-44d6-b65f-fbe7199702b1",
              "isHook": false,
              "skipped": false
            }
          ],
          "suites": [],
          "passes": [
            "253c88ad-9509-413e-b10e-0eb9f1019a83"
          ],
          "failures": [],
          "pending": [],
          "skipped": [],
          "duration": 6744,
          "root": false,
          "rootEmpty": false,
          "_timeout": 2000
        }
      ],
      "passes": [],
      "failures": [],
      "pending": [],
      "skipped": [],
      "duration": 0,
      "root": true,
      "rootEmpty": true,
      "_timeout": 2000
    }
  ],
  "meta": {
    "mocha": {
      "version": "7.0.1"
    },
    "mochawesome": {
      "options": {
        "quiet": false,
        "reportFilename": "mochawesome",
        "saveHtml": false,
        "saveJson": true,
        "consoleReporter": "spec",
        "useInlineDiffs": false,
        "code": true
      },
      "version": "7.1.3"
    },
    "marge": {
      "options": {
        "id": "default",
        "reportDir": "cypress/reports/mocha",
        "quite": true,
        "overwrite": false,
        "html": false,
        "json": true
      },
      "version": "6.2.0"
    }
  }
}