{
  "stats": {
    "suites": 1,
    "tests": 1,
    "passes": 1,
    "pending": 0,
    "failures": 0,
    "start": "2022-04-10T09:37:01.069Z",
    "end": "2022-04-10T09:37:09.666Z",
    "duration": 8597,
    "testsRegistered": 1,
    "passPercent": 100,
    "pendingPercent": 0,
    "other": 0,
    "hasOther": false,
    "skipped": 0,
    "hasSkipped": false
  },
  "results": [
    {
      "uuid": "598fa254-85c2-49d5-b636-8f5e2dd869c1",
      "title": "",
      "fullFile": "cypress/integration/stats.spec.js",
      "file": "cypress/integration/stats.spec.js",
      "beforeHooks": [],
      "afterHooks": [],
      "tests": [],
      "suites": [
        {
          "uuid": "b516f198-b073-47aa-b69a-c9b7dace12d9",
          "title": "Verify Stats",
          "fullFile": "",
          "file": "",
          "beforeHooks": [],
          "afterHooks": [],
          "tests": [
            {
              "title": "Verify Budget Stats",
              "fullTitle": "Verify Stats Verify Budget Stats",
              "timedOut": null,
              "duration": 8400,
              "state": "passed",
              "speed": "medium",
              "pass": true,
              "fail": false,
              "pending": false,
              "context": null,
              "code": "cy.contains('label', 'Budget Name').next('input').type('Budget 1');\ncy.get('button[type=button]').eq(1).click();\ncy.contains('h3', 'Budget 1').click();\ncy.contains('label', 'Entry Name').next('input').type('Entry 1');\ncy.get('select').select('Food');\ncy.contains('label', 'Amount').next('input').type('200');\ncy.get('button[type=button]').eq(3).click();\ncy.contains('a', 'Statistics').click();\ncy.visit(\"/stats\");",
              "err": {},
              "uuid": "6caf094d-b2ac-4946-b575-2f7834871332",
              "parentUUID": "b516f198-b073-47aa-b69a-c9b7dace12d9",
              "isHook": false,
              "skipped": false
            }
          ],
          "suites": [],
          "passes": [
            "6caf094d-b2ac-4946-b575-2f7834871332"
          ],
          "failures": [],
          "pending": [],
          "skipped": [],
          "duration": 8400,
          "root": false,
          "rootEmpty": false,
          "_timeout": 2000
        }
      ],
      "passes": [],
      "failures": [],
      "pending": [],
      "skipped": [],
      "duration": 0,
      "root": true,
      "rootEmpty": true,
      "_timeout": 2000
    }
  ],
  "meta": {
    "mocha": {
      "version": "7.0.1"
    },
    "mochawesome": {
      "options": {
        "quiet": false,
        "reportFilename": "mochawesome",
        "saveHtml": false,
        "saveJson": true,
        "consoleReporter": "spec",
        "useInlineDiffs": false,
        "code": true
      },
      "version": "7.1.3"
    },
    "marge": {
      "options": {
        "reportDir": "cypress/results",
        "overwrite": false,
        "html": false,
        "json": true
      },
      "version": "6.2.0"
    }
  }
}