{
  "stats": {
    "suites": 1,
    "tests": 1,
    "passes": 1,
    "pending": 0,
    "failures": 0,
    "start": "2022-04-09T20:40:07.581Z",
    "end": "2022-04-09T20:40:15.465Z",
    "duration": 7884,
    "testsRegistered": 1,
    "passPercent": 100,
    "pendingPercent": 0,
    "other": 0,
    "hasOther": false,
    "skipped": 0,
    "hasSkipped": false
  },
  "results": [
    {
      "uuid": "1f013842-fc7e-4f9d-9077-f2ab00b309c9",
      "title": "",
      "fullFile": "cypress/integration/stats.spec.js",
      "file": "cypress/integration/stats.spec.js",
      "beforeHooks": [],
      "afterHooks": [],
      "tests": [],
      "suites": [
        {
          "uuid": "228835cf-ec04-4f13-92c6-c79c53f84d72",
          "title": "Verify Stats",
          "fullFile": "",
          "file": "",
          "beforeHooks": [],
          "afterHooks": [],
          "tests": [
            {
              "title": "Verify Budget Stats",
              "fullTitle": "Verify Stats Verify Budget Stats",
              "timedOut": null,
              "duration": 7788,
              "state": "passed",
              "speed": "medium",
              "pass": true,
              "fail": false,
              "pending": false,
              "context": null,
              "code": "cy.contains('label', 'Budget Name').next('input').type('Budget 1');\ncy.get('button[type=button]').eq(1).click();\ncy.contains('h3', 'Budget 1').click();\ncy.contains('label', 'Entry Name').next('input').type('Entry 1');\ncy.get('select').select('Food');\ncy.contains('label', 'Amount').next('input').type('200');\ncy.get('button[type=button]').eq(3).click();\ncy.contains('a', 'Statistics').click();\ncy.visit(\"/stats\");",
              "err": {},
              "uuid": "330753ca-6902-492f-9130-a41a00a09afe",
              "parentUUID": "228835cf-ec04-4f13-92c6-c79c53f84d72",
              "isHook": false,
              "skipped": false
            }
          ],
          "suites": [],
          "passes": [
            "330753ca-6902-492f-9130-a41a00a09afe"
          ],
          "failures": [],
          "pending": [],
          "skipped": [],
          "duration": 7788,
          "root": false,
          "rootEmpty": false,
          "_timeout": 2000
        }
      ],
      "passes": [],
      "failures": [],
      "pending": [],
      "skipped": [],
      "duration": 0,
      "root": true,
      "rootEmpty": true,
      "_timeout": 2000
    }
  ],
  "meta": {
    "mocha": {
      "version": "7.0.1"
    },
    "mochawesome": {
      "options": {
        "quiet": false,
        "reportFilename": "mochawesome",
        "saveHtml": true,
        "saveJson": true,
        "consoleReporter": "spec",
        "useInlineDiffs": false,
        "code": true
      },
      "version": "7.1.3"
    },
    "marge": {
      "options": {
        "reporterEnabled": "mochawesome",
        "mochawesomeReporterOptions": {
          "reportDir": "cypress/reports/mocha",
          "quite": true,
          "overwrite": false,
          "html": false,
          "json": true
        }
      },
      "version": "6.2.0"
    }
  }
}