{
  "stats": {
    "suites": 2,
    "tests": 3,
    "passes": 3,
    "pending": 0,
    "failures": 0,
    "start": "2022-04-09T20:17:41.483Z",
    "end": "2022-04-09T20:17:58.649Z",
    "duration": 13001,
    "testsRegistered": 3,
    "passPercent": 100,
    "pendingPercent": 0,
    "other": 0,
    "hasOther": false,
    "skipped": 0,
    "hasSkipped": false
  },
  "results": [
    {
      "uuid": "c333cea3-3f1f-4f77-964b-d72e29387371",
      "title": "",
      "fullFile": "cypress/integration/budget.spec.js",
      "file": "cypress/integration/budget.spec.js",
      "beforeHooks": [],
      "afterHooks": [],
      "tests": [],
      "suites": [
        {
          "uuid": "016227d5-f1c5-42ed-90ae-016a4a96f63f",
          "title": "Login into App",
          "fullFile": "",
          "file": "",
          "beforeHooks": [],
          "afterHooks": [],
          "tests": [
            {
              "title": "Add Budget",
              "fullTitle": "Login into App Add Budget",
              "timedOut": null,
              "duration": 5388,
              "state": "passed",
              "speed": "medium",
              "pass": true,
              "fail": false,
              "pending": false,
              "context": null,
              "code": "cy.contains('label', 'Budget Name').next('input').type('Budget 1');\ncy.get('button[type=button]').eq(1).click();\ncy.contains('h3', 'Budget 1').click();",
              "err": {},
              "uuid": "b6f816c9-5c8a-4f72-9297-955c302b18bf",
              "parentUUID": "016227d5-f1c5-42ed-90ae-016a4a96f63f",
              "isHook": false,
              "skipped": false
            },
            {
              "title": "Add Budget Entry",
              "fullTitle": "Login into App Add Budget Entry",
              "timedOut": null,
              "duration": 869,
              "state": "passed",
              "speed": "fast",
              "pass": true,
              "fail": false,
              "pending": false,
              "context": null,
              "code": "cy.contains('label', 'Entry Name').next('input').type('Entry 1');\ncy.get('select').select('Food');\ncy.contains('label', 'Amount').next('input').type('200');\ncy.get('button[type=button]').eq(3).click();",
              "err": {},
              "uuid": "4c243591-e604-40c3-aad4-3a45beda1f01",
              "parentUUID": "016227d5-f1c5-42ed-90ae-016a4a96f63f",
              "isHook": false,
              "skipped": false
            }
          ],
          "suites": [],
          "passes": [
            "b6f816c9-5c8a-4f72-9297-955c302b18bf",
            "4c243591-e604-40c3-aad4-3a45beda1f01"
          ],
          "failures": [],
          "pending": [],
          "skipped": [],
          "duration": 6257,
          "root": false,
          "rootEmpty": false,
          "_timeout": 2000
        }
      ],
      "passes": [],
      "failures": [],
      "pending": [],
      "skipped": [],
      "duration": 0,
      "root": true,
      "rootEmpty": true,
      "_timeout": 2000
    },
    {
      "uuid": "26329d46-9748-4eab-b714-7005f6b975ba",
      "title": "",
      "fullFile": "cypress/integration/stats.spec.js",
      "file": "cypress/integration/stats.spec.js",
      "beforeHooks": [],
      "afterHooks": [],
      "tests": [],
      "suites": [
        {
          "uuid": "f63f973f-8c12-44d6-b65f-fbe7199702b1",
          "title": "Verify Stats",
          "fullFile": "",
          "file": "",
          "beforeHooks": [],
          "afterHooks": [],
          "tests": [
            {
              "title": "Verify Budget Stats",
              "fullTitle": "Verify Stats Verify Budget Stats",
              "timedOut": null,
              "duration": 6744,
              "state": "passed",
              "speed": "medium",
              "pass": true,
              "fail": false,
              "pending": false,
              "context": null,
              "code": "cy.contains('label', 'Budget Name').next('input').type('Budget 1');\ncy.get('button[type=button]').eq(1).click();\ncy.contains('h3', 'Budget 1').click();\ncy.contains('label', 'Entry Name').next('input').type('Entry 1');\ncy.get('select').select('Food');\ncy.contains('label', 'Amount').next('input').type('200');\ncy.get('button[type=button]').eq(3).click();\ncy.contains('a', 'Statistics').click();\ncy.visit(\"/stats\");",
              "err": {},
              "uuid": "253c88ad-9509-413e-b10e-0eb9f1019a83",
              "parentUUID": "f63f973f-8c12-44d6-b65f-fbe7199702b1",
              "isHook": false,
              "skipped": false
            }
          ],
          "suites": [],
          "passes": [
            "253c88ad-9509-413e-b10e-0eb9f1019a83"
          ],
          "failures": [],
          "pending": [],
          "skipped": [],
          "duration": 6744,
          "root": false,
          "rootEmpty": false,
          "_timeout": 2000
        }
      ],
      "passes": [],
      "failures": [],
      "pending": [],
      "skipped": [],
      "duration": 0,
      "root": true,
      "rootEmpty": true,
      "_timeout": 2000
    }
  ],
  "meta": {
    "mocha": {
      "version": "7.0.1"
    },
    "mochawesome": {
      "options": {
        "quiet": false,
        "reportFilename": "mochawesome",
        "saveHtml": false,
        "saveJson": true,
        "consoleReporter": "spec",
        "useInlineDiffs": false,
        "code": true
      },
      "version": "7.1.3"
    },
    "marge": {
      "options": {
        "id": "default",
        "reportDir": "cypress/reports/mocha",
        "quite": true,
        "overwrite": false,
        "html": false,
        "json": true
      },
      "version": "6.2.0"
    }
  }
}